Arguments: 
  C:\Program Files\nodejs\node.exe C:\Users\Popcy\AppData\Roaming\npm\node_modules\yarn\bin\yarn.js

PATH: 
  C:\Program Files (x86)\Common Files\Oracle\Java\javapath;C:\WINDOWS\system32;C:\WINDOWS;C:\WINDOWS\System32\Wbem;C:\WINDOWS\System32\WindowsPowerShell\v1.0\;C:\WINDOWS\System32\OpenSSH\;C:\Program Files\nodejs\;C:\Program Files\Git\cmd;C:\Users\Popcy\AppData\Local\Programs\Python\Python39\Scripts\;C:\Users\Popcy\AppData\Local\Programs\Python\Python39\;C:\Users\Popcy\AppData\Local\Microsoft\WindowsApps;;C:\Program Files\JetBrains\PyCharm Community Edition 2021.2.2\bin;;C:\Users\Popcy\AppData\Local\Programs\Microsoft VS Code\bin;C:\Users\Popcy\AppData\Roaming\npm;C:\Program Files\JetBrains\IntelliJ IDEA Community Edition 2021.2.2\bin;

Yarn version: 
  1.22.17

Node version: 
  14.17.6

Platform: 
  win32 x64

Trace: 
  Error: write EPROTO 9908:error:1408F10B:SSL routines:ssl3_get_record:wrong version number:c:\ws\deps\openssl\openssl\ssl\record\ssl3_record.c:308:
  
      at WriteWrap.onWriteComplete [as oncomplete] (internal/stream_base_commons.js:94:16)

npm manifest: 
  {
    "main": "node_modules/expo/AppEntry.js",
    "scripts": {
      "start": "expo start",
      "android": "expo start --android",
      "ios": "expo start --ios",
      "web": "expo start --web",
      "eject": "expo eject"
    },
    "dependencies": {
      "@expo-google-fonts/inter": "^0.2.0",
      "@expo-google-fonts/lato": "^0.2.0",
      "@react-navigation/bottom-tabs": "^6.0.9",
      "@react-navigation/material-bottom-tabs": "^6.0.9",
      "@react-navigation/native": "^6.0.6",
      "@react-navigation/native-stack": "^6.2.5",
      "@react-navigation/stack": "^6.0.11",
      "@reduxjs/toolkit": "^1.6.2",
      "expo": "~42.0.1",
      "expo-constants": "~11.0.1",
      "expo-font": "~9.2.1",
      "expo-status-bar": "~1.0.4",
      "react": "16.13.1",
      "react-dom": "16.13.1",
      "react-native": "https://github.com/expo/react-native/archive/sdk-42.0.0.tar.gz",
      "react-native-elements": "^3.4.2",
      "react-native-paper": "^4.9.2",
      "react-native-reanimated": "^2.2.3",
      "react-native-safe-area-context": "3.2.0",
      "react-native-screens": "~3.4.0",
      "react-native-vector-icons": "^9.0.0",
      "react-native-web": "~0.13.12",
      "react-navigation": "^4.4.4",
      "react-redux": "^7.2.6",
      "redux": "^4.1.2"
    },
    "devDependencies": {
      "@babel/core": "^7.9.0"
    },
    "private": true
  }

yarn manifest: 
  No manifest

Lockfile: 
  No lockfile
